# JRE version: OpenJDK Runtime Environment (8.0_222-b10) (build 1.8.0_222-8u222-b10-1ubuntu1~18.04.1-b10)
# Java VM: OpenJDK 64-Bit Server VM (25.222-b10 mixed mode linux-amd64 compressed oops)
Heap:
 PSYoungGen      total 4233216K, used 4233206K [0x0000000671580000, 0x000000078eb80000, 0x00000007c0000000)
  eden space 4010496K, 100% used [0x0000000671580000,0x0000000766200000,0x0000000766200000)
  from space 222720K, 99% used [0x0000000778300000,0x0000000785c7d910,0x0000000785c80000)
  to   space 295936K, 99% used [0x0000000766200000,0x00000007782feb60,0x0000000778300000)
 ParOldGen       total 685568K, used 445130K [0x00000003d4000000, 0x00000003fdd80000, 0x0000000671580000)
  object space 685568K, 64% used [0x00000003d4000000,0x00000003ef2b4a20,0x00000003fdd80000)
 Metaspace       used 2671K, capacity 4564K, committed 4864K, reserved 1056768K
  class space    used 274K, capacity 388K, committed 512K, reserved 1048576K
GC Heap History (10 events):
Event: 1.598 GC heap after
Heap after GC invocations=4 (full 0):
 PSYoungGen      total 1072640K, used 42488K [0x0000000671580000, 0x00000006b5680000, 0x00000007c0000000)
  eden space 1030144K, 0% used [0x0000000671580000,0x0000000671580000,0x00000006b0380000)
  from space 42496K, 99% used [0x00000006b2d00000,0x00000006b567e3f8,0x00000006b5680000)
  to   space 42496K, 0% used [0x00000006b0380000,0x00000006b0380000,0x00000006b2d00000)
 ParOldGen       total 685568K, used 42524K [0x00000003d4000000, 0x00000003fdd80000, 0x0000000671580000)
  object space 685568K, 6% used [0x00000003d4000000,0x00000003d69870b0,0x00000003fdd80000)
 Metaspace       used 2644K, capacity 4564K, committed 4864K, reserved 1056768K
  class space    used 273K, capacity 388K, committed 512K, reserved 1048576K
}
Event: 2.561 GC heap before
{Heap before GC invocations=5 (full 0):
 PSYoungGen      total 1072640K, used 1072632K [0x0000000671580000, 0x00000006b5680000, 0x00000007c0000000)
  eden space 1030144K, 100% used [0x0000000671580000,0x00000006b0380000,0x00000006b0380000)
  from space 42496K, 99% used [0x00000006b2d00000,0x00000006b567e3f8,0x00000006b5680000)
  to   space 42496K, 0% used [0x00000006b0380000,0x00000006b0380000,0x00000006b2d00000)
 ParOldGen       total 685568K, used 42524K [0x00000003d4000000, 0x00000003fdd80000, 0x0000000671580000)
  object space 685568K, 6% used [0x00000003d4000000,0x00000003d69870b0,0x00000003fdd80000)
 Metaspace       used 2645K, capacity 4564K, committed 4864K, reserved 1056768K
  class space    used 273K, capacity 388K, committed 512K, reserved 1048576K
Event: 2.678 GC heap after
Heap after GC invocations=5 (full 0):
 PSYoungGen      total 1072640K, used 42495K [0x0000000671580000, 0x00000006fe280000, 0x00000007c0000000)
  eden space 1030144K, 0% used [0x0000000671580000,0x0000000671580000,0x00000006b0380000)
  from space 42496K, 99% used [0x00000006b0380000,0x00000006b2cffcc8,0x00000006b2d00000)
  to   space 123392K, 0% used [0x00000006f6a00000,0x00000006f6a00000,0x00000006fe280000)
 ParOldGen       total 685568K, used 105787K [0x00000003d4000000, 0x00000003fdd80000, 0x0000000671580000)
  object space 685568K, 15% used [0x00000003d4000000,0x00000003da74ed40,0x00000003fdd80000)
 Metaspace       used 2645K, capacity 4564K, committed 4864K, reserved 1056768K
  class space    used 273K, capacity 388K, committed 512K, reserved 1048576K
}
Event: 3.313 GC heap before
{Heap before GC invocations=6 (full 0):
 PSYoungGen      total 1072640K, used 1072639K [0x0000000671580000, 0x00000006fe280000, 0x00000007c0000000)
  eden space 1030144K, 100% used [0x0000000671580000,0x00000006b0380000,0x00000006b0380000)
  from space 42496K, 99% used [0x00000006b0380000,0x00000006b2cffcc8,0x00000006b2d00000)
  to   space 123392K, 0% used [0x00000006f6a00000,0x00000006f6a00000,0x00000006fe280000)
 ParOldGen       total 685568K, used 105787K [0x00000003d4000000, 0x00000003fdd80000, 0x0000000671580000)
  object space 685568K, 15% used [0x00000003d4000000,0x00000003da74ed40,0x00000003fdd80000)
 Metaspace       used 2659K, capacity 4564K, committed 4864K, reserved 1056768K
  class space    used 274K, capacity 388K, committed 512K, reserved 1048576K
Event: 3.356 GC heap after
Heap after GC invocations=6 (full 0):
 PSYoungGen      total 2165248K, used 105955K [0x0000000671580000, 0x0000000700680000, 0x00000007c0000000)
  eden space 2041856K, 0% used [0x0000000671580000,0x0000000671580000,0x00000006edf80000)
  from space 123392K, 85% used [0x00000006f6a00000,0x00000006fd178d08,0x00000006fe280000)
  to   space 141824K, 0% used [0x00000006edf80000,0x00000006edf80000,0x00000006f6a00000)
 ParOldGen       total 685568K, used 105787K [0x00000003d4000000, 0x00000003fdd80000, 0x0000000671580000)
  object space 685568K, 15% used [0x00000003d4000000,0x00000003da74ed40,0x00000003fdd80000)
 Metaspace       used 2659K, capacity 4564K, committed 4864K, reserved 1056768K
  class space    used 274K, capacity 388K, committed 512K, reserved 1048576K
}
Event: 4.037 GC heap before
{Heap before GC invocations=7 (full 0):
 PSYoungGen      total 2165248K, used 2147811K [0x0000000671580000, 0x0000000700680000, 0x00000007c0000000)
  eden space 2041856K, 100% used [0x0000000671580000,0x00000006edf80000,0x00000006edf80000)
  from space 123392K, 85% used [0x00000006f6a00000,0x00000006fd178d08,0x00000006fe280000)
  to   space 141824K, 0% used [0x00000006edf80000,0x00000006edf80000,0x00000006f6a00000)
 ParOldGen       total 685568K, used 105787K [0x00000003d4000000, 0x00000003fdd80000, 0x0000000671580000)
  object space 685568K, 15% used [0x00000003d4000000,0x00000003da74ed40,0x00000003fdd80000)
 Metaspace       used 2671K, capacity 4564K, committed 4864K, reserved 1056768K
  class space    used 274K, capacity 388K, committed 512K, reserved 1048576K
Event: 4.163 GC heap after
Heap after GC invocations=7 (full 0):
 PSYoungGen      total 2183680K, used 141807K [0x0000000671580000, 0x0000000785c80000, 0x00000007c0000000)
  eden space 2041856K, 0% used [0x0000000671580000,0x0000000671580000,0x00000006edf80000)
  from space 141824K, 99% used [0x00000006edf80000,0x00000006f69fbeb8,0x00000006f6a00000)
  to   space 222720K, 0% used [0x0000000778300000,0x0000000778300000,0x0000000785c80000)
 ParOldGen       total 685568K, used 210269K [0x00000003d4000000, 0x00000003fdd80000, 0x0000000671580000)
  object space 685568K, 30% used [0x00000003d4000000,0x00000003e0d577a8,0x00000003fdd80000)
 Metaspace       used 2671K, capacity 4564K, committed 4864K, reserved 1056768K
  class space    used 274K, capacity 388K, committed 512K, reserved 1048576K
}
Event: 4.501 GC heap before
{Heap before GC invocations=8 (full 0):
 PSYoungGen      total 2183680K, used 2183663K [0x0000000671580000, 0x0000000785c80000, 0x00000007c0000000)
  eden space 2041856K, 100% used [0x0000000671580000,0x00000006edf80000,0x00000006edf80000)
  from space 141824K, 99% used [0x00000006edf80000,0x00000006f69fbeb8,0x00000006f6a00000)
  to   space 222720K, 0% used [0x0000000778300000,0x0000000778300000,0x0000000785c80000)
 ParOldGen       total 685568K, used 210269K [0x00000003d4000000, 0x00000003fdd80000, 0x0000000671580000)
  object space 685568K, 30% used [0x00000003d4000000,0x00000003e0d577a8,0x00000003fdd80000)
 Metaspace       used 2671K, capacity 4564K, committed 4864K, reserved 1056768K
  class space    used 274K, capacity 388K, committed 512K, reserved 1048576K
Event: 4.614 GC heap after
Heap after GC invocations=8 (full 0):
 PSYoungGen      total 4233216K, used 222710K [0x0000000671580000, 0x000000078eb80000, 0x00000007c0000000)
  eden space 4010496K, 0% used [0x0000000671580000,0x0000000671580000,0x0000000766200000)
  from space 222720K, 99% used [0x0000000778300000,0x0000000785c7d910,0x0000000785c80000)
  to   space 295936K, 0% used [0x0000000766200000,0x0000000766200000,0x0000000778300000)
 ParOldGen       total 685568K, used 280254K [0x00000003d4000000, 0x00000003fdd80000, 0x0000000671580000)
  object space 685568K, 40% used [0x00000003d4000000,0x00000003e51afa18,0x00000003fdd80000)
 Metaspace       used 2671K, capacity 4564K, committed 4864K, reserved 1056768K
  class space    used 274K, capacity 388K, committed 512K, reserved 1048576K
}
Event: 5.332 GC heap before
{Heap before GC invocations=9 (full 0):
 PSYoungGen      total 4233216K, used 4233206K [0x0000000671580000, 0x000000078eb80000, 0x00000007c0000000)
  eden space 4010496K, 100% used [0x0000000671580000,0x0000000766200000,0x0000000766200000)
  from space 222720K, 99% used [0x0000000778300000,0x0000000785c7d910,0x0000000785c80000)
  to   space 295936K, 0% used [0x0000000766200000,0x0000000766200000,0x0000000778300000)
 ParOldGen       total 685568K, used 280254K [0x00000003d4000000, 0x00000003fdd80000, 0x0000000671580000)
  object space 685568K, 40% used [0x00000003d4000000,0x00000003e51afa18,0x00000003fdd80000)
 Metaspace       used 2671K, capacity 4564K, committed 4864K, reserved 1056768K
  class space    used 274K, capacity 388K, committed 512K, reserved 1048576K

