# JRE version: OpenJDK Runtime Environment (8.0_222-b10) (build 1.8.0_222-8u222-b10-1ubuntu1~18.04.1-b10)
# Java VM: OpenJDK 64-Bit Server VM (25.222-b10 mixed mode linux-amd64 compressed oops)
Heap:
 PSYoungGen      total 3655680K, used 960516K [0x0000000671580000, 0x00000007c0000000, 0x00000007c0000000)
  eden space 1828352K, 0% used [0x0000000671580000,0x0000000671580000,0x00000006e0f00000)
  from space 1827328K, 52% used [0x00000006e0f00000,0x000000071b9013c0,0x0000000750780000)
  to   space 1827328K, 0% used [0x0000000750780000,0x0000000750780000,0x00000007c0000000)
 ParOldGen       total 2650624K, used 2455050K [0x00000003d4000000, 0x0000000475c80000, 0x0000000671580000)
  object space 2650624K, 92% used [0x00000003d4000000,0x0000000469d82a58,0x0000000475c80000)
 Metaspace       used 2825K, capacity 4568K, committed 4864K, reserved 1056768K
  class space    used 289K, capacity 392K, committed 512K, reserved 1048576K
GC Heap History (10 events):
Event: 51.837 GC heap after
Heap after GC invocations=32 (full 3):
 PSYoungGen      total 3761152K, used 1239294K [0x0000000671580000, 0x00000007c0000000, 0x00000007c0000000)
  eden space 2521600K, 0% used [0x0000000671580000,0x0000000671580000,0x000000070b400000)
  from space 1239552K, 99% used [0x000000070b400000,0x0000000756e3fb80,0x0000000756e80000)
  to   space 1622016K, 0% used [0x000000075d000000,0x000000075d000000,0x00000007c0000000)
 ParOldGen       total 2650624K, used 1815746K [0x00000003d4000000, 0x0000000475c80000, 0x0000000671580000)
  object space 2650624K, 68% used [0x00000003d4000000,0x0000000442d30a80,0x0000000475c80000)
 Metaspace       used 2825K, capacity 4568K, committed 4864K, reserved 1056768K
  class space    used 289K, capacity 392K, committed 512K, reserved 1048576K
}
Event: 53.415 GC heap before
{Heap before GC invocations=33 (full 3):
 PSYoungGen      total 3761152K, used 3760894K [0x0000000671580000, 0x00000007c0000000, 0x00000007c0000000)
  eden space 2521600K, 100% used [0x0000000671580000,0x000000070b400000,0x000000070b400000)
  from space 1239552K, 99% used [0x000000070b400000,0x0000000756e3fb80,0x0000000756e80000)
  to   space 1622016K, 0% used [0x000000075d000000,0x000000075d000000,0x00000007c0000000)
 ParOldGen       total 2650624K, used 1815746K [0x00000003d4000000, 0x0000000475c80000, 0x0000000671580000)
  object space 2650624K, 68% used [0x00000003d4000000,0x0000000442d30a80,0x0000000475c80000)
 Metaspace       used 2825K, capacity 4568K, committed 4864K, reserved 1056768K
  class space    used 289K, capacity 392K, committed 512K, reserved 1048576K
Event: 53.874 GC heap after
Heap after GC invocations=33 (full 3):
 PSYoungGen      total 3558912K, used 1348997K [0x0000000671580000, 0x00000007c0000000, 0x00000007c0000000)
  eden space 1936896K, 0% used [0x0000000671580000,0x0000000671580000,0x00000006e7900000)
  from space 1622016K, 83% used [0x000000075d000000,0x00000007af5617b0,0x00000007c0000000)
  to   space 1773056K, 0% used [0x00000006e7900000,0x00000006e7900000,0x0000000753c80000)
 ParOldGen       total 2650624K, used 1815746K [0x00000003d4000000, 0x0000000475c80000, 0x0000000671580000)
  object space 2650624K, 68% used [0x00000003d4000000,0x0000000442d30a80,0x0000000475c80000)
 Metaspace       used 2825K, capacity 4568K, committed 4864K, reserved 1056768K
  class space    used 289K, capacity 392K, committed 512K, reserved 1048576K
}
Event: 55.286 GC heap before
{Heap before GC invocations=34 (full 3):
 PSYoungGen      total 3558912K, used 3285893K [0x0000000671580000, 0x00000007c0000000, 0x00000007c0000000)
  eden space 1936896K, 100% used [0x0000000671580000,0x00000006e7900000,0x00000006e7900000)
  from space 1622016K, 83% used [0x000000075d000000,0x00000007af5617b0,0x00000007c0000000)
  to   space 1773056K, 0% used [0x00000006e7900000,0x00000006e7900000,0x0000000753c80000)
 ParOldGen       total 2650624K, used 1815746K [0x00000003d4000000, 0x0000000475c80000, 0x0000000671580000)
  object space 2650624K, 68% used [0x00000003d4000000,0x0000000442d30a80,0x0000000475c80000)
 Metaspace       used 2825K, capacity 4568K, committed 4864K, reserved 1056768K
  class space    used 289K, capacity 392K, committed 512K, reserved 1048576K
Event: 55.709 GC heap after
Heap after GC invocations=34 (full 3):
 PSYoungGen      total 3371008K, used 1434073K [0x0000000671580000, 0x00000007c0000000, 0x00000007c0000000)
  eden space 1936896K, 0% used [0x0000000671580000,0x0000000671580000,0x00000006e7900000)
  from space 1434112K, 99% used [0x00000006e7900000,0x000000073f1764b8,0x000000073f180000)
  to   space 1827328K, 0% used [0x0000000750780000,0x0000000750780000,0x00000007c0000000)
 ParOldGen       total 2650624K, used 1815746K [0x00000003d4000000, 0x0000000475c80000, 0x0000000671580000)
  object space 2650624K, 68% used [0x00000003d4000000,0x0000000442d30a80,0x0000000475c80000)
 Metaspace       used 2825K, capacity 4568K, committed 4864K, reserved 1056768K
  class space    used 289K, capacity 392K, committed 512K, reserved 1048576K
}
Event: 56.864 GC heap before
{Heap before GC invocations=35 (full 3):
 PSYoungGen      total 3371008K, used 3370969K [0x0000000671580000, 0x00000007c0000000, 0x00000007c0000000)
  eden space 1936896K, 100% used [0x0000000671580000,0x00000006e7900000,0x00000006e7900000)
  from space 1434112K, 99% used [0x00000006e7900000,0x000000073f1764b8,0x000000073f180000)
  to   space 1827328K, 0% used [0x0000000750780000,0x0000000750780000,0x00000007c0000000)
 ParOldGen       total 2650624K, used 1815746K [0x00000003d4000000, 0x0000000475c80000, 0x0000000671580000)
  object space 2650624K, 68% used [0x00000003d4000000,0x0000000442d30a80,0x0000000475c80000)
 Metaspace       used 2825K, capacity 4568K, committed 4864K, reserved 1056768K
  class space    used 289K, capacity 392K, committed 512K, reserved 1048576K
Event: 57.247 GC heap after
Heap after GC invocations=35 (full 3):
 PSYoungGen      total 3655680K, used 1181208K [0x0000000671580000, 0x00000007c0000000, 0x00000007c0000000)
  eden space 1828352K, 0% used [0x0000000671580000,0x0000000671580000,0x00000006e0f00000)
  from space 1827328K, 64% used [0x0000000750780000,0x0000000798906100,0x00000007c0000000)
  to   space 1827328K, 0% used [0x00000006e0f00000,0x00000006e0f00000,0x0000000750780000)
 ParOldGen       total 2650624K, used 2153874K [0x00000003d4000000, 0x0000000475c80000, 0x0000000671580000)
  object space 2650624K, 81% used [0x00000003d4000000,0x0000000457764b68,0x0000000475c80000)
 Metaspace       used 2825K, capacity 4568K, committed 4864K, reserved 1056768K
  class space    used 289K, capacity 392K, committed 512K, reserved 1048576K
}
Event: 58.489 GC heap before
{Heap before GC invocations=36 (full 3):
 PSYoungGen      total 3655680K, used 3009560K [0x0000000671580000, 0x00000007c0000000, 0x00000007c0000000)
  eden space 1828352K, 100% used [0x0000000671580000,0x00000006e0f00000,0x00000006e0f00000)
  from space 1827328K, 64% used [0x0000000750780000,0x0000000798906100,0x00000007c0000000)
  to   space 1827328K, 0% used [0x00000006e0f00000,0x00000006e0f00000,0x0000000750780000)
 ParOldGen       total 2650624K, used 2153874K [0x00000003d4000000, 0x0000000475c80000, 0x0000000671580000)
  object space 2650624K, 81% used [0x00000003d4000000,0x0000000457764b68,0x0000000475c80000)
 Metaspace       used 2825K, capacity 4568K, committed 4864K, reserved 1056768K
  class space    used 289K, capacity 392K, committed 512K, reserved 1048576K
Event: 58.891 GC heap after
Heap after GC invocations=36 (full 3):
 PSYoungGen      total 3655680K, used 960516K [0x0000000671580000, 0x00000007c0000000, 0x00000007c0000000)
  eden space 1828352K, 0% used [0x0000000671580000,0x0000000671580000,0x00000006e0f00000)
  from space 1827328K, 52% used [0x00000006e0f00000,0x000000071b9013c0,0x0000000750780000)
  to   space 1827328K, 0% used [0x0000000750780000,0x0000000750780000,0x00000007c0000000)
 ParOldGen       total 2650624K, used 2455050K [0x00000003d4000000, 0x0000000475c80000, 0x0000000671580000)
  object space 2650624K, 92% used [0x00000003d4000000,0x0000000469d82a58,0x0000000475c80000)
 Metaspace       used 2825K, capacity 4568K, committed 4864K, reserved 1056768K
  class space    used 289K, capacity 392K, committed 512K, reserved 1048576K
}
Event: 58.891 GC heap before
{Heap before GC invocations=37 (full 4):
 PSYoungGen      total 3655680K, used 960516K [0x0000000671580000, 0x00000007c0000000, 0x00000007c0000000)
  eden space 1828352K, 0% used [0x0000000671580000,0x0000000671580000,0x00000006e0f00000)
  from space 1827328K, 52% used [0x00000006e0f00000,0x000000071b9013c0,0x0000000750780000)
  to   space 1827328K, 0% used [0x0000000750780000,0x0000000750780000,0x00000007c0000000)
 ParOldGen       total 2650624K, used 2455050K [0x00000003d4000000, 0x0000000475c80000, 0x0000000671580000)
  object space 2650624K, 92% used [0x00000003d4000000,0x0000000469d82a58,0x0000000475c80000)
 Metaspace       used 2825K, capacity 4568K, committed 4864K, reserved 1056768K
  class space    used 289K, capacity 392K, committed 512K, reserved 1048576K

